<?xml version="1.0" encoding="UTF-8"?>
<!-- Generated by org.testng.reporters.JUnitXMLReporter -->
<testsuite ignored="0" hostname="DESKTOP-2TF9LCF" failures="1" tests="2" name="Test" time="45.785" errors="0" timestamp="08 Jul 2021 15:54:17 GMT">
  <testcase classname="bestbuy.oma.AmazonPage" name="amazonbeautyproductclk" time="0.015"/>
  <testcase classname="bestbuy.oma.AmazonPage" name="amzonLogin" time="44.24">
    <failure type="java.lang.AssertionError" message="expected [true] but found [false]">
      <![CDATA[java.lang.AssertionError: expected [true] but found [false]
at bestbuy.oma.AmazonPage.amzonLogin(AmazonPage.java:41)
... Removed 29 stack frames]]>
    </failure>
  </testcase> <!-- amzonLogin -->
</testsuite> <!-- Test -->
