<?xml version="1.0" encoding="UTF-8"?>
<!-- Generated by org.testng.reporters.JUnitXMLReporter -->
<testsuite ignored="2" hostname="DESKTOP-2TF9LCF" failures="0" tests="1" name="Test" time="0.072" errors="0" timestamp="03 Jul 2021 07:28:00 GMT">
  <testcase classname="bestbuy.oma.AmazonPage" name="testingGitHub" time="0.006"/>
  <testcase classname="bestbuy.oma.AmazonPage" name="amazon" time="0.0">
    <ignored/>
  </testcase> <!-- amazon -->
  <testcase classname="bestbuy.oma.AmazonPage" name="amazonbeautyproductclk" time="0.0">
    <ignored/>
  </testcase> <!-- amazonbeautyproductclk -->
</testsuite> <!-- Test -->
