<?xml version="1.0" encoding="UTF-8"?>
<!-- Generated by org.testng.reporters.JUnitXMLReporter -->
<testsuite hostname="DESKTOP-2TF9LCF" ignored="0" name="Validating LandingPageValidation" tests="2" failures="1" timestamp="10 Jun 2021 10:04:13 GMT" time="16.373" errors="0">
  <testcase name="screenShotCapture" time="0.0" classname="resource.BaseUtil">
    <failure type="org.testng.TestNGException" message="
Cannot inject @Test annotated Method [screenShotCapture] with [class java.lang.String, interface org.openqa.selenium.WebDriver].
For more information on native dependency injection please refer to http://testng.org/doc/documentation-main.html#native-dependency-injection">
      <![CDATA[org.testng.TestNGException: 
Cannot inject @Test annotated Method [screenShotCapture] with [class java.lang.String, interface org.openqa.selenium.WebDriver].
For more information on native dependency injection please refer to http://testng.org/doc/documentation-main.html#native-dependency-injection
... Removed 28 stack frames]]>
    </failure>
  </testcase> <!-- screenShotCapture -->
  <testcase name="validation" time="8.354" classname="bestbuy.oma.TC_2_LandingPageValidation"/>
</testsuite> <!-- Validating LandingPageValidation -->
