<?xml version="1.0" encoding="UTF-8"?>
<testng-results ignored="2" total="3" passed="1" failed="0" skipped="0">
  <reporter-output>
  </reporter-output>
  <suite started-at="2021-07-03T07:28:00Z" name="Suite" finished-at="2021-07-03T07:28:00Z" duration-ms="72">
    <groups>
    </groups>
    <test started-at="2021-07-03T07:28:00Z" name="Test" finished-at="2021-07-03T07:28:00Z" duration-ms="72">
      <class name="bestbuy.oma.AmazonPage">
        <test-method signature="testingGitHub()[pri:0, instance:bestbuy.oma.AmazonPage@5e21e98f]" started-at="2021-07-03T07:28:00Z" name="testingGitHub" finished-at="2021-07-03T07:28:00Z" duration-ms="6" status="PASS">
          <reporter-output>
          </reporter-output>
        </test-method> <!-- testingGitHub -->
      </class> <!-- bestbuy.oma.AmazonPage -->
    </test> <!-- Test -->
  </suite> <!-- Suite -->
</testng-results>
